CRITICAL - 2021-05-01 01:01:52 --> syntax error, unexpected '}', expecting ',' or ';'
#0 D:\banyakanfolder\upil\htdocs\shopcart\vendor\codeigniter4\framework\system\View\View.php(222): CodeIgniter\View\View->CodeIgniter\View\{closure}()
#1 D:\banyakanfolder\upil\htdocs\shopcart\vendor\codeigniter4\framework\system\Common.php(1217): CodeIgniter\View\View->render('layout/v_conten...', Array, true)
#2 D:\banyakanfolder\upil\htdocs\shopcart\app\Views\layout\v_wrapper.php(4): view('layout/v_conten...')
#3 D:\banyakanfolder\upil\htdocs\shopcart\vendor\codeigniter4\framework\system\View\View.php(220): include('D:\\banyakanfold...')
#4 D:\banyakanfolder\upil\htdocs\shopcart\vendor\codeigniter4\framework\system\View\View.php(222): CodeIgniter\View\View->CodeIgniter\View\{closure}()
#5 D:\banyakanfolder\upil\htdocs\shopcart\vendor\codeigniter4\framework\system\Common.php(1217): CodeIgniter\View\View->render('layout/v_wrappe...', Array, true)
#6 D:\banyakanfolder\upil\htdocs\shopcart\app\Controllers\Home.php(13): view('layout/v_wrappe...', Array)
#7 D:\banyakanfolder\upil\htdocs\shopcart\vendor\codeigniter4\framework\system\CodeIgniter.php(936): App\Controllers\Home->index()
#8 D:\banyakanfolder\upil\htdocs\shopcart\vendor\codeigniter4\framework\system\CodeIgniter.php(432): CodeIgniter\CodeIgniter->runController(Object(App\Controllers\Home))
#9 D:\banyakanfolder\upil\htdocs\shopcart\vendor\codeigniter4\framework\system\CodeIgniter.php(333): CodeIgniter\CodeIgniter->handleRequest(NULL, Object(Config\Cache), false)
#10 D:\banyakanfolder\upil\htdocs\shopcart\public\index.php(44): CodeIgniter\CodeIgniter->run()
#11 {main}
CRITICAL - 2021-05-01 01:32:55 --> syntax error, unexpected '/', expecting ',' or ';'
#0 D:\banyakanfolder\upil\htdocs\shopcart\vendor\codeigniter4\framework\system\Autoloader\Autoloader.php(265): CodeIgniter\Autoloader\Autoloader->includeFile('D:\\banyakanfold...')
#1 D:\banyakanfolder\upil\htdocs\shopcart\vendor\codeigniter4\framework\system\Autoloader\Autoloader.php(228): CodeIgniter\Autoloader\Autoloader->loadInNamespace('App\\Controllers...')
#2 [internal function]: CodeIgniter\Autoloader\Autoloader->loadClass('App\\Controllers...')
#3 [internal function]: spl_autoload_call('App\\Controllers...')
#4 D:\banyakanfolder\upil\htdocs\shopcart\vendor\codeigniter4\framework\system\CodeIgniter.php(893): class_exists('\\App\\Controller...', true)
#5 D:\banyakanfolder\upil\htdocs\shopcart\vendor\codeigniter4\framework\system\CodeIgniter.php(417): CodeIgniter\CodeIgniter->startController()
#6 D:\banyakanfolder\upil\htdocs\shopcart\vendor\codeigniter4\framework\system\CodeIgniter.php(333): CodeIgniter\CodeIgniter->handleRequest(NULL, Object(Config\Cache), false)
#7 D:\banyakanfolder\upil\htdocs\shopcart\public\index.php(44): CodeIgniter\CodeIgniter->run()
#8 {main}
CRITICAL - 2021-05-01 01:33:13 --> syntax error, unexpected '{', expecting '('
#0 D:\banyakanfolder\upil\htdocs\shopcart\vendor\codeigniter4\framework\system\Autoloader\Autoloader.php(265): CodeIgniter\Autoloader\Autoloader->includeFile('D:\\banyakanfold...')
#1 D:\banyakanfolder\upil\htdocs\shopcart\vendor\codeigniter4\framework\system\Autoloader\Autoloader.php(228): CodeIgniter\Autoloader\Autoloader->loadInNamespace('App\\Controllers...')
#2 [internal function]: CodeIgniter\Autoloader\Autoloader->loadClass('App\\Controllers...')
#3 [internal function]: spl_autoload_call('App\\Controllers...')
#4 D:\banyakanfolder\upil\htdocs\shopcart\vendor\codeigniter4\framework\system\CodeIgniter.php(893): class_exists('\\App\\Controller...', true)
#5 D:\banyakanfolder\upil\htdocs\shopcart\vendor\codeigniter4\framework\system\CodeIgniter.php(417): CodeIgniter\CodeIgniter->startController()
#6 D:\banyakanfolder\upil\htdocs\shopcart\vendor\codeigniter4\framework\system\CodeIgniter.php(333): CodeIgniter\CodeIgniter->handleRequest(NULL, Object(Config\Cache), false)
#7 D:\banyakanfolder\upil\htdocs\shopcart\public\index.php(44): CodeIgniter\CodeIgniter->run()
#8 {main}
CRITICAL - 2021-05-01 01:33:27 --> syntax error, unexpected '->' (T_OBJECT_OPERATOR), expecting ')'
#0 D:\banyakanfolder\upil\htdocs\shopcart\vendor\codeigniter4\framework\system\Autoloader\Autoloader.php(265): CodeIgniter\Autoloader\Autoloader->includeFile('D:\\banyakanfold...')
#1 D:\banyakanfolder\upil\htdocs\shopcart\vendor\codeigniter4\framework\system\Autoloader\Autoloader.php(228): CodeIgniter\Autoloader\Autoloader->loadInNamespace('App\\Controllers...')
#2 [internal function]: CodeIgniter\Autoloader\Autoloader->loadClass('App\\Controllers...')
#3 [internal function]: spl_autoload_call('App\\Controllers...')
#4 D:\banyakanfolder\upil\htdocs\shopcart\vendor\codeigniter4\framework\system\CodeIgniter.php(893): class_exists('\\App\\Controller...', true)
#5 D:\banyakanfolder\upil\htdocs\shopcart\vendor\codeigniter4\framework\system\CodeIgniter.php(417): CodeIgniter\CodeIgniter->startController()
#6 D:\banyakanfolder\upil\htdocs\shopcart\vendor\codeigniter4\framework\system\CodeIgniter.php(333): CodeIgniter\CodeIgniter->handleRequest(NULL, Object(Config\Cache), false)
#7 D:\banyakanfolder\upil\htdocs\shopcart\public\index.php(44): CodeIgniter\CodeIgniter->run()
#8 {main}
CRITICAL - 2021-05-01 01:33:49 --> syntax error, unexpected '/', expecting ',' or ';'
#0 D:\banyakanfolder\upil\htdocs\shopcart\vendor\codeigniter4\framework\system\Autoloader\Autoloader.php(265): CodeIgniter\Autoloader\Autoloader->includeFile('D:\\banyakanfold...')
#1 D:\banyakanfolder\upil\htdocs\shopcart\vendor\codeigniter4\framework\system\Autoloader\Autoloader.php(228): CodeIgniter\Autoloader\Autoloader->loadInNamespace('App\\Models\\Mode...')
#2 [internal function]: CodeIgniter\Autoloader\Autoloader->loadClass('App\\Models\\Mode...')
#3 D:\banyakanfolder\upil\htdocs\shopcart\app\Controllers\Home.php(9): spl_autoload_call('App\\Models\\Mode...')
#4 D:\banyakanfolder\upil\htdocs\shopcart\vendor\codeigniter4\framework\system\CodeIgniter.php(908): App\Controllers\Home->__construct()
#5 D:\banyakanfolder\upil\htdocs\shopcart\vendor\codeigniter4\framework\system\CodeIgniter.php(422): CodeIgniter\CodeIgniter->createController()
#6 D:\banyakanfolder\upil\htdocs\shopcart\vendor\codeigniter4\framework\system\CodeIgniter.php(333): CodeIgniter\CodeIgniter->handleRequest(NULL, Object(Config\Cache), false)
#7 D:\banyakanfolder\upil\htdocs\shopcart\public\index.php(44): CodeIgniter\CodeIgniter->run()
#8 {main}
CRITICAL - 2021-05-01 01:33:55 --> You must set the database table to be used with your query.
#0 D:\banyakanfolder\upil\htdocs\shopcart\vendor\codeigniter4\framework\system\Model.php(615): CodeIgniter\Database\BaseConnection->table(NULL)
#1 D:\banyakanfolder\upil\htdocs\shopcart\vendor\codeigniter4\framework\system\Model.php(205): CodeIgniter\Model->builder()
#2 D:\banyakanfolder\upil\htdocs\shopcart\vendor\codeigniter4\framework\system\BaseModel.php(583): CodeIgniter\Model->doFindAll(0, 0)
#3 D:\banyakanfolder\upil\htdocs\shopcart\app\Models\ModelBarang.php(10): CodeIgniter\BaseModel->findAll()
#4 D:\banyakanfolder\upil\htdocs\shopcart\app\Controllers\Home.php(15): App\Models\ModelBarang->getBarang()
#5 D:\banyakanfolder\upil\htdocs\shopcart\vendor\codeigniter4\framework\system\CodeIgniter.php(936): App\Controllers\Home->index()
#6 D:\banyakanfolder\upil\htdocs\shopcart\vendor\codeigniter4\framework\system\CodeIgniter.php(432): CodeIgniter\CodeIgniter->runController(Object(App\Controllers\Home))
#7 D:\banyakanfolder\upil\htdocs\shopcart\vendor\codeigniter4\framework\system\CodeIgniter.php(333): CodeIgniter\CodeIgniter->handleRequest(NULL, Object(Config\Cache), false)
#8 D:\banyakanfolder\upil\htdocs\shopcart\public\index.php(44): CodeIgniter\CodeIgniter->run()
#9 {main}
CRITICAL - 2021-05-01 01:37:03 --> Constant expression contains invalid operations
#0 [internal function]: CodeIgniter\Debug\Exceptions->shutdownHandler()
#1 {main}
CRITICAL - 2021-05-01 01:37:16 --> You must set the database table to be used with your query.
#0 D:\banyakanfolder\upil\htdocs\shopcart\vendor\codeigniter4\framework\system\Model.php(615): CodeIgniter\Database\BaseConnection->table(NULL)
#1 D:\banyakanfolder\upil\htdocs\shopcart\vendor\codeigniter4\framework\system\Model.php(205): CodeIgniter\Model->builder()
#2 D:\banyakanfolder\upil\htdocs\shopcart\vendor\codeigniter4\framework\system\BaseModel.php(583): CodeIgniter\Model->doFindAll(0, 0)
#3 D:\banyakanfolder\upil\htdocs\shopcart\app\Models\ModelBarang.php(10): CodeIgniter\BaseModel->findAll()
#4 D:\banyakanfolder\upil\htdocs\shopcart\app\Controllers\Home.php(15): App\Models\ModelBarang->getBarang()
#5 D:\banyakanfolder\upil\htdocs\shopcart\vendor\codeigniter4\framework\system\CodeIgniter.php(936): App\Controllers\Home->index()
#6 D:\banyakanfolder\upil\htdocs\shopcart\vendor\codeigniter4\framework\system\CodeIgniter.php(432): CodeIgniter\CodeIgniter->runController(Object(App\Controllers\Home))
#7 D:\banyakanfolder\upil\htdocs\shopcart\vendor\codeigniter4\framework\system\CodeIgniter.php(333): CodeIgniter\CodeIgniter->handleRequest(NULL, Object(Config\Cache), false)
#8 D:\banyakanfolder\upil\htdocs\shopcart\public\index.php(44): CodeIgniter\CodeIgniter->run()
#9 {main}
CRITICAL - 2021-05-01 01:40:35 --> syntax error, unexpected '$db' (T_VARIABLE), expecting function (T_FUNCTION) or const (T_CONST)
#0 D:\banyakanfolder\upil\htdocs\shopcart\vendor\codeigniter4\framework\system\Autoloader\Autoloader.php(265): CodeIgniter\Autoloader\Autoloader->includeFile('D:\\banyakanfold...')
#1 D:\banyakanfolder\upil\htdocs\shopcart\vendor\codeigniter4\framework\system\Autoloader\Autoloader.php(228): CodeIgniter\Autoloader\Autoloader->loadInNamespace('App\\Models\\Mode...')
#2 [internal function]: CodeIgniter\Autoloader\Autoloader->loadClass('App\\Models\\Mode...')
#3 D:\banyakanfolder\upil\htdocs\shopcart\app\Controllers\Home.php(9): spl_autoload_call('App\\Models\\Mode...')
#4 D:\banyakanfolder\upil\htdocs\shopcart\vendor\codeigniter4\framework\system\CodeIgniter.php(908): App\Controllers\Home->__construct()
#5 D:\banyakanfolder\upil\htdocs\shopcart\vendor\codeigniter4\framework\system\CodeIgniter.php(422): CodeIgniter\CodeIgniter->createController()
#6 D:\banyakanfolder\upil\htdocs\shopcart\vendor\codeigniter4\framework\system\CodeIgniter.php(333): CodeIgniter\CodeIgniter->handleRequest(NULL, Object(Config\Cache), false)
#7 D:\banyakanfolder\upil\htdocs\shopcart\public\index.php(44): CodeIgniter\CodeIgniter->run()
#8 {main}
CRITICAL - 2021-05-01 01:41:13 --> You must set the database table to be used with your query.
#0 D:\banyakanfolder\upil\htdocs\shopcart\vendor\codeigniter4\framework\system\Model.php(615): CodeIgniter\Database\BaseConnection->table(NULL)
#1 D:\banyakanfolder\upil\htdocs\shopcart\vendor\codeigniter4\framework\system\Model.php(205): CodeIgniter\Model->builder()
#2 D:\banyakanfolder\upil\htdocs\shopcart\vendor\codeigniter4\framework\system\BaseModel.php(583): CodeIgniter\Model->doFindAll(0, 0)
#3 D:\banyakanfolder\upil\htdocs\shopcart\app\Models\ModelBarang.php(10): CodeIgniter\BaseModel->findAll()
#4 D:\banyakanfolder\upil\htdocs\shopcart\app\Controllers\Home.php(15): App\Models\ModelBarang->getBarang()
#5 D:\banyakanfolder\upil\htdocs\shopcart\vendor\codeigniter4\framework\system\CodeIgniter.php(936): App\Controllers\Home->index()
#6 D:\banyakanfolder\upil\htdocs\shopcart\vendor\codeigniter4\framework\system\CodeIgniter.php(432): CodeIgniter\CodeIgniter->runController(Object(App\Controllers\Home))
#7 D:\banyakanfolder\upil\htdocs\shopcart\vendor\codeigniter4\framework\system\CodeIgniter.php(333): CodeIgniter\CodeIgniter->handleRequest(NULL, Object(Config\Cache), false)
#8 D:\banyakanfolder\upil\htdocs\shopcart\public\index.php(44): CodeIgniter\CodeIgniter->run()
#9 {main}
CRITICAL - 2021-05-01 01:44:29 --> You must set the database table to be used with your query.
#0 D:\banyakanfolder\upil\htdocs\shopcart\vendor\codeigniter4\framework\system\Model.php(615): CodeIgniter\Database\BaseConnection->table(NULL)
#1 D:\banyakanfolder\upil\htdocs\shopcart\vendor\codeigniter4\framework\system\Model.php(205): CodeIgniter\Model->builder()
#2 D:\banyakanfolder\upil\htdocs\shopcart\vendor\codeigniter4\framework\system\BaseModel.php(583): CodeIgniter\Model->doFindAll(0, 0)
#3 D:\banyakanfolder\upil\htdocs\shopcart\app\Models\ModelBarang.php(10): CodeIgniter\BaseModel->findAll()
#4 D:\banyakanfolder\upil\htdocs\shopcart\app\Controllers\Home.php(15): App\Models\ModelBarang->getBarang()
#5 D:\banyakanfolder\upil\htdocs\shopcart\vendor\codeigniter4\framework\system\CodeIgniter.php(936): App\Controllers\Home->index()
#6 D:\banyakanfolder\upil\htdocs\shopcart\vendor\codeigniter4\framework\system\CodeIgniter.php(432): CodeIgniter\CodeIgniter->runController(Object(App\Controllers\Home))
#7 D:\banyakanfolder\upil\htdocs\shopcart\vendor\codeigniter4\framework\system\CodeIgniter.php(333): CodeIgniter\CodeIgniter->handleRequest(NULL, Object(Config\Cache), false)
#8 D:\banyakanfolder\upil\htdocs\shopcart\public\index.php(44): CodeIgniter\CodeIgniter->run()
#9 {main}
CRITICAL - 2021-05-01 02:40:08 --> Too few arguments to function number_to_currency(), 1 passed in D:\banyakanfolder\upil\htdocs\shopcart\app\Views\v_home.php on line 14 and at least 2 expected
#0 D:\banyakanfolder\upil\htdocs\shopcart\app\Views\v_home.php(14): number_to_currency(100000)
#1 D:\banyakanfolder\upil\htdocs\shopcart\vendor\codeigniter4\framework\system\View\View.php(220): include('D:\\banyakanfold...')
#2 D:\banyakanfolder\upil\htdocs\shopcart\vendor\codeigniter4\framework\system\View\View.php(222): CodeIgniter\View\View->CodeIgniter\View\{closure}()
#3 D:\banyakanfolder\upil\htdocs\shopcart\vendor\codeigniter4\framework\system\Common.php(1217): CodeIgniter\View\View->render('v_home', Array, true)
#4 D:\banyakanfolder\upil\htdocs\shopcart\app\Views\layout\v_content.php(3): view('v_home')
#5 D:\banyakanfolder\upil\htdocs\shopcart\vendor\codeigniter4\framework\system\View\View.php(220): include('D:\\banyakanfold...')
#6 D:\banyakanfolder\upil\htdocs\shopcart\vendor\codeigniter4\framework\system\View\View.php(222): CodeIgniter\View\View->CodeIgniter\View\{closure}()
#7 D:\banyakanfolder\upil\htdocs\shopcart\vendor\codeigniter4\framework\system\Common.php(1217): CodeIgniter\View\View->render('layout/v_conten...', Array, true)
#8 D:\banyakanfolder\upil\htdocs\shopcart\app\Views\layout\v_wrapper.php(4): view('layout/v_conten...')
#9 D:\banyakanfolder\upil\htdocs\shopcart\vendor\codeigniter4\framework\system\View\View.php(220): include('D:\\banyakanfold...')
#10 D:\banyakanfolder\upil\htdocs\shopcart\vendor\codeigniter4\framework\system\View\View.php(222): CodeIgniter\View\View->CodeIgniter\View\{closure}()
#11 D:\banyakanfolder\upil\htdocs\shopcart\vendor\codeigniter4\framework\system\Common.php(1217): CodeIgniter\View\View->render('layout/v_wrappe...', Array, true)
#12 D:\banyakanfolder\upil\htdocs\shopcart\app\Controllers\Home.php(19): view('layout/v_wrappe...', Array)
#13 D:\banyakanfolder\upil\htdocs\shopcart\vendor\codeigniter4\framework\system\CodeIgniter.php(936): App\Controllers\Home->index()
#14 D:\banyakanfolder\upil\htdocs\shopcart\vendor\codeigniter4\framework\system\CodeIgniter.php(432): CodeIgniter\CodeIgniter->runController(Object(App\Controllers\Home))
#15 D:\banyakanfolder\upil\htdocs\shopcart\vendor\codeigniter4\framework\system\CodeIgniter.php(333): CodeIgniter\CodeIgniter->handleRequest(NULL, Object(Config\Cache), false)
#16 D:\banyakanfolder\upil\htdocs\shopcart\public\index.php(44): CodeIgniter\CodeIgniter->run()
#17 {main}
CRITICAL - 2021-05-01 02:42:34 --> Too few arguments to function number_to_currency(), 1 passed in D:\banyakanfolder\upil\htdocs\shopcart\app\Views\v_home.php on line 14 and at least 2 expected
#0 D:\banyakanfolder\upil\htdocs\shopcart\app\Views\v_home.php(14): number_to_currency(100000)
#1 D:\banyakanfolder\upil\htdocs\shopcart\vendor\codeigniter4\framework\system\View\View.php(220): include('D:\\banyakanfold...')
#2 D:\banyakanfolder\upil\htdocs\shopcart\vendor\codeigniter4\framework\system\View\View.php(222): CodeIgniter\View\View->CodeIgniter\View\{closure}()
#3 D:\banyakanfolder\upil\htdocs\shopcart\vendor\codeigniter4\framework\system\Common.php(1217): CodeIgniter\View\View->render('v_home', Array, true)
#4 D:\banyakanfolder\upil\htdocs\shopcart\app\Views\layout\v_content.php(3): view('v_home')
#5 D:\banyakanfolder\upil\htdocs\shopcart\vendor\codeigniter4\framework\system\View\View.php(220): include('D:\\banyakanfold...')
#6 D:\banyakanfolder\upil\htdocs\shopcart\vendor\codeigniter4\framework\system\View\View.php(222): CodeIgniter\View\View->CodeIgniter\View\{closure}()
#7 D:\banyakanfolder\upil\htdocs\shopcart\vendor\codeigniter4\framework\system\Common.php(1217): CodeIgniter\View\View->render('layout/v_conten...', Array, true)
#8 D:\banyakanfolder\upil\htdocs\shopcart\app\Views\layout\v_wrapper.php(4): view('layout/v_conten...')
#9 D:\banyakanfolder\upil\htdocs\shopcart\vendor\codeigniter4\framework\system\View\View.php(220): include('D:\\banyakanfold...')
#10 D:\banyakanfolder\upil\htdocs\shopcart\vendor\codeigniter4\framework\system\View\View.php(222): CodeIgniter\View\View->CodeIgniter\View\{closure}()
#11 D:\banyakanfolder\upil\htdocs\shopcart\vendor\codeigniter4\framework\system\Common.php(1217): CodeIgniter\View\View->render('layout/v_wrappe...', Array, true)
#12 D:\banyakanfolder\upil\htdocs\shopcart\app\Controllers\Home.php(19): view('layout/v_wrappe...', Array)
#13 D:\banyakanfolder\upil\htdocs\shopcart\vendor\codeigniter4\framework\system\CodeIgniter.php(936): App\Controllers\Home->index()
#14 D:\banyakanfolder\upil\htdocs\shopcart\vendor\codeigniter4\framework\system\CodeIgniter.php(432): CodeIgniter\CodeIgniter->runController(Object(App\Controllers\Home))
#15 D:\banyakanfolder\upil\htdocs\shopcart\vendor\codeigniter4\framework\system\CodeIgniter.php(333): CodeIgniter\CodeIgniter->handleRequest(NULL, Object(Config\Cache), false)
#16 D:\banyakanfolder\upil\htdocs\shopcart\public\index.php(44): CodeIgniter\CodeIgniter->run()
#17 {main}
CRITICAL - 2021-05-01 02:45:02 --> syntax error, unexpected '?>'
#0 D:\banyakanfolder\upil\htdocs\shopcart\vendor\codeigniter4\framework\system\View\View.php(222): CodeIgniter\View\View->CodeIgniter\View\{closure}()
#1 D:\banyakanfolder\upil\htdocs\shopcart\vendor\codeigniter4\framework\system\Common.php(1217): CodeIgniter\View\View->render('v_home', Array, true)
#2 D:\banyakanfolder\upil\htdocs\shopcart\app\Views\layout\v_content.php(3): view('v_home')
#3 D:\banyakanfolder\upil\htdocs\shopcart\vendor\codeigniter4\framework\system\View\View.php(220): include('D:\\banyakanfold...')
#4 D:\banyakanfolder\upil\htdocs\shopcart\vendor\codeigniter4\framework\system\View\View.php(222): CodeIgniter\View\View->CodeIgniter\View\{closure}()
#5 D:\banyakanfolder\upil\htdocs\shopcart\vendor\codeigniter4\framework\system\Common.php(1217): CodeIgniter\View\View->render('layout/v_conten...', Array, true)
#6 D:\banyakanfolder\upil\htdocs\shopcart\app\Views\layout\v_wrapper.php(4): view('layout/v_conten...')
#7 D:\banyakanfolder\upil\htdocs\shopcart\vendor\codeigniter4\framework\system\View\View.php(220): include('D:\\banyakanfold...')
#8 D:\banyakanfolder\upil\htdocs\shopcart\vendor\codeigniter4\framework\system\View\View.php(222): CodeIgniter\View\View->CodeIgniter\View\{closure}()
#9 D:\banyakanfolder\upil\htdocs\shopcart\vendor\codeigniter4\framework\system\Common.php(1217): CodeIgniter\View\View->render('layout/v_wrappe...', Array, true)
#10 D:\banyakanfolder\upil\htdocs\shopcart\app\Controllers\Home.php(19): view('layout/v_wrappe...', Array)
#11 D:\banyakanfolder\upil\htdocs\shopcart\vendor\codeigniter4\framework\system\CodeIgniter.php(936): App\Controllers\Home->index()
#12 D:\banyakanfolder\upil\htdocs\shopcart\vendor\codeigniter4\framework\system\CodeIgniter.php(432): CodeIgniter\CodeIgniter->runController(Object(App\Controllers\Home))
#13 D:\banyakanfolder\upil\htdocs\shopcart\vendor\codeigniter4\framework\system\CodeIgniter.php(333): CodeIgniter\CodeIgniter->handleRequest(NULL, Object(Config\Cache), false)
#14 D:\banyakanfolder\upil\htdocs\shopcart\public\index.php(44): CodeIgniter\CodeIgniter->run()
#15 {main}
CRITICAL - 2021-05-01 03:14:24 --> Call to undefined function form_open()
#0 D:\banyakanfolder\upil\htdocs\shopcart\vendor\codeigniter4\framework\system\View\View.php(220): include()
#1 D:\banyakanfolder\upil\htdocs\shopcart\vendor\codeigniter4\framework\system\View\View.php(222): CodeIgniter\View\View->CodeIgniter\View\{closure}()
#2 D:\banyakanfolder\upil\htdocs\shopcart\vendor\codeigniter4\framework\system\Common.php(1217): CodeIgniter\View\View->render('v_home', Array, true)
#3 D:\banyakanfolder\upil\htdocs\shopcart\app\Views\layout\v_content.php(3): view('v_home')
#4 D:\banyakanfolder\upil\htdocs\shopcart\vendor\codeigniter4\framework\system\View\View.php(220): include('D:\\banyakanfold...')
#5 D:\banyakanfolder\upil\htdocs\shopcart\vendor\codeigniter4\framework\system\View\View.php(222): CodeIgniter\View\View->CodeIgniter\View\{closure}()
#6 D:\banyakanfolder\upil\htdocs\shopcart\vendor\codeigniter4\framework\system\Common.php(1217): CodeIgniter\View\View->render('layout/v_conten...', Array, true)
#7 D:\banyakanfolder\upil\htdocs\shopcart\app\Views\layout\v_wrapper.php(4): view('layout/v_conten...')
#8 D:\banyakanfolder\upil\htdocs\shopcart\vendor\codeigniter4\framework\system\View\View.php(220): include('D:\\banyakanfold...')
#9 D:\banyakanfolder\upil\htdocs\shopcart\vendor\codeigniter4\framework\system\View\View.php(222): CodeIgniter\View\View->CodeIgniter\View\{closure}()
#10 D:\banyakanfolder\upil\htdocs\shopcart\vendor\codeigniter4\framework\system\Common.php(1217): CodeIgniter\View\View->render('layout/v_wrappe...', Array, true)
#11 D:\banyakanfolder\upil\htdocs\shopcart\app\Controllers\Home.php(19): view('layout/v_wrappe...', Array)
#12 D:\banyakanfolder\upil\htdocs\shopcart\vendor\codeigniter4\framework\system\CodeIgniter.php(936): App\Controllers\Home->index()
#13 D:\banyakanfolder\upil\htdocs\shopcart\vendor\codeigniter4\framework\system\CodeIgniter.php(432): CodeIgniter\CodeIgniter->runController(Object(App\Controllers\Home))
#14 D:\banyakanfolder\upil\htdocs\shopcart\vendor\codeigniter4\framework\system\CodeIgniter.php(333): CodeIgniter\CodeIgniter->handleRequest(NULL, Object(Config\Cache), false)
#15 D:\banyakanfolder\upil\htdocs\shopcart\public\index.php(44): CodeIgniter\CodeIgniter->run()
#16 {main}
CRITICAL - 2021-05-01 03:18:43 --> Call to undefined function form_open()
#0 D:\banyakanfolder\upil\htdocs\shopcart\vendor\codeigniter4\framework\system\View\View.php(220): include()
#1 D:\banyakanfolder\upil\htdocs\shopcart\vendor\codeigniter4\framework\system\View\View.php(222): CodeIgniter\View\View->CodeIgniter\View\{closure}()
#2 D:\banyakanfolder\upil\htdocs\shopcart\vendor\codeigniter4\framework\system\Common.php(1217): CodeIgniter\View\View->render('v_home', Array, true)
#3 D:\banyakanfolder\upil\htdocs\shopcart\app\Views\layout\v_content.php(3): view('v_home')
#4 D:\banyakanfolder\upil\htdocs\shopcart\vendor\codeigniter4\framework\system\View\View.php(220): include('D:\\banyakanfold...')
#5 D:\banyakanfolder\upil\htdocs\shopcart\vendor\codeigniter4\framework\system\View\View.php(222): CodeIgniter\View\View->CodeIgniter\View\{closure}()
#6 D:\banyakanfolder\upil\htdocs\shopcart\vendor\codeigniter4\framework\system\Common.php(1217): CodeIgniter\View\View->render('layout/v_conten...', Array, true)
#7 D:\banyakanfolder\upil\htdocs\shopcart\app\Views\layout\v_wrapper.php(4): view('layout/v_conten...')
#8 D:\banyakanfolder\upil\htdocs\shopcart\vendor\codeigniter4\framework\system\View\View.php(220): include('D:\\banyakanfold...')
#9 D:\banyakanfolder\upil\htdocs\shopcart\vendor\codeigniter4\framework\system\View\View.php(222): CodeIgniter\View\View->CodeIgniter\View\{closure}()
#10 D:\banyakanfolder\upil\htdocs\shopcart\vendor\codeigniter4\framework\system\Common.php(1217): CodeIgniter\View\View->render('layout/v_wrappe...', Array, true)
#11 D:\banyakanfolder\upil\htdocs\shopcart\app\Controllers\Home.php(19): view('layout/v_wrappe...', Array)
#12 D:\banyakanfolder\upil\htdocs\shopcart\vendor\codeigniter4\framework\system\CodeIgniter.php(936): App\Controllers\Home->index()
#13 D:\banyakanfolder\upil\htdocs\shopcart\vendor\codeigniter4\framework\system\CodeIgniter.php(432): CodeIgniter\CodeIgniter->runController(Object(App\Controllers\Home))
#14 D:\banyakanfolder\upil\htdocs\shopcart\vendor\codeigniter4\framework\system\CodeIgniter.php(333): CodeIgniter\CodeIgniter->handleRequest(NULL, Object(Config\Cache), false)
#15 D:\banyakanfolder\upil\htdocs\shopcart\public\index.php(44): CodeIgniter\CodeIgniter->run()
#16 {main}
CRITICAL - 2021-05-01 03:19:57 --> Call to undefined function form_open()
#0 D:\banyakanfolder\upil\htdocs\shopcart\vendor\codeigniter4\framework\system\View\View.php(220): include()
#1 D:\banyakanfolder\upil\htdocs\shopcart\vendor\codeigniter4\framework\system\View\View.php(222): CodeIgniter\View\View->CodeIgniter\View\{closure}()
#2 D:\banyakanfolder\upil\htdocs\shopcart\vendor\codeigniter4\framework\system\Common.php(1217): CodeIgniter\View\View->render('v_home', Array, true)
#3 D:\banyakanfolder\upil\htdocs\shopcart\app\Views\layout\v_content.php(3): view('v_home')
#4 D:\banyakanfolder\upil\htdocs\shopcart\vendor\codeigniter4\framework\system\View\View.php(220): include('D:\\banyakanfold...')
#5 D:\banyakanfolder\upil\htdocs\shopcart\vendor\codeigniter4\framework\system\View\View.php(222): CodeIgniter\View\View->CodeIgniter\View\{closure}()
#6 D:\banyakanfolder\upil\htdocs\shopcart\vendor\codeigniter4\framework\system\Common.php(1217): CodeIgniter\View\View->render('layout/v_conten...', Array, true)
#7 D:\banyakanfolder\upil\htdocs\shopcart\app\Views\layout\v_wrapper.php(4): view('layout/v_conten...')
#8 D:\banyakanfolder\upil\htdocs\shopcart\vendor\codeigniter4\framework\system\View\View.php(220): include('D:\\banyakanfold...')
#9 D:\banyakanfolder\upil\htdocs\shopcart\vendor\codeigniter4\framework\system\View\View.php(222): CodeIgniter\View\View->CodeIgniter\View\{closure}()
#10 D:\banyakanfolder\upil\htdocs\shopcart\vendor\codeigniter4\framework\system\Common.php(1217): CodeIgniter\View\View->render('layout/v_wrappe...', Array, true)
#11 D:\banyakanfolder\upil\htdocs\shopcart\app\Controllers\Home.php(19): view('layout/v_wrappe...', Array)
#12 D:\banyakanfolder\upil\htdocs\shopcart\vendor\codeigniter4\framework\system\CodeIgniter.php(936): App\Controllers\Home->index()
#13 D:\banyakanfolder\upil\htdocs\shopcart\vendor\codeigniter4\framework\system\CodeIgniter.php(432): CodeIgniter\CodeIgniter->runController(Object(App\Controllers\Home))
#14 D:\banyakanfolder\upil\htdocs\shopcart\vendor\codeigniter4\framework\system\CodeIgniter.php(333): CodeIgniter\CodeIgniter->handleRequest(NULL, Object(Config\Cache), false)
#15 D:\banyakanfolder\upil\htdocs\shopcart\public\index.php(44): CodeIgniter\CodeIgniter->run()
#16 {main}
CRITICAL - 2021-05-01 03:22:25 --> Undefined property: App\Controllers\Home::$load
#0 D:\banyakanfolder\upil\htdocs\shopcart\app\Controllers\Home.php(9): CodeIgniter\Debug\Exceptions->errorHandler(8, 'Undefined prope...', 'D:\\banyakanfold...', 9, Array)
#1 D:\banyakanfolder\upil\htdocs\shopcart\vendor\codeigniter4\framework\system\CodeIgniter.php(908): App\Controllers\Home->__construct()
#2 D:\banyakanfolder\upil\htdocs\shopcart\vendor\codeigniter4\framework\system\CodeIgniter.php(422): CodeIgniter\CodeIgniter->createController()
#3 D:\banyakanfolder\upil\htdocs\shopcart\vendor\codeigniter4\framework\system\CodeIgniter.php(333): CodeIgniter\CodeIgniter->handleRequest(NULL, Object(Config\Cache), false)
#4 D:\banyakanfolder\upil\htdocs\shopcart\public\index.php(44): CodeIgniter\CodeIgniter->run()
#5 {main}
CRITICAL - 2021-05-01 03:23:19 --> Undefined property: App\Controllers\Home::$load
#0 D:\banyakanfolder\upil\htdocs\shopcart\app\Controllers\Home.php(9): CodeIgniter\Debug\Exceptions->errorHandler(8, 'Undefined prope...', 'D:\\banyakanfold...', 9, Array)
#1 D:\banyakanfolder\upil\htdocs\shopcart\vendor\codeigniter4\framework\system\CodeIgniter.php(908): App\Controllers\Home->__construct()
#2 D:\banyakanfolder\upil\htdocs\shopcart\vendor\codeigniter4\framework\system\CodeIgniter.php(422): CodeIgniter\CodeIgniter->createController()
#3 D:\banyakanfolder\upil\htdocs\shopcart\vendor\codeigniter4\framework\system\CodeIgniter.php(333): CodeIgniter\CodeIgniter->handleRequest(NULL, Object(Config\Cache), false)
#4 D:\banyakanfolder\upil\htdocs\shopcart\public\index.php(44): CodeIgniter\CodeIgniter->run()
#5 {main}
CRITICAL - 2021-05-01 03:23:28 --> Call to undefined function form_open()
#0 D:\banyakanfolder\upil\htdocs\shopcart\vendor\codeigniter4\framework\system\View\View.php(220): include()
#1 D:\banyakanfolder\upil\htdocs\shopcart\vendor\codeigniter4\framework\system\View\View.php(222): CodeIgniter\View\View->CodeIgniter\View\{closure}()
#2 D:\banyakanfolder\upil\htdocs\shopcart\vendor\codeigniter4\framework\system\Common.php(1217): CodeIgniter\View\View->render('v_home', Array, true)
#3 D:\banyakanfolder\upil\htdocs\shopcart\app\Views\layout\v_content.php(3): view('v_home')
#4 D:\banyakanfolder\upil\htdocs\shopcart\vendor\codeigniter4\framework\system\View\View.php(220): include('D:\\banyakanfold...')
#5 D:\banyakanfolder\upil\htdocs\shopcart\vendor\codeigniter4\framework\system\View\View.php(222): CodeIgniter\View\View->CodeIgniter\View\{closure}()
#6 D:\banyakanfolder\upil\htdocs\shopcart\vendor\codeigniter4\framework\system\Common.php(1217): CodeIgniter\View\View->render('layout/v_conten...', Array, true)
#7 D:\banyakanfolder\upil\htdocs\shopcart\app\Views\layout\v_wrapper.php(4): view('layout/v_conten...')
#8 D:\banyakanfolder\upil\htdocs\shopcart\vendor\codeigniter4\framework\system\View\View.php(220): include('D:\\banyakanfold...')
#9 D:\banyakanfolder\upil\htdocs\shopcart\vendor\codeigniter4\framework\system\View\View.php(222): CodeIgniter\View\View->CodeIgniter\View\{closure}()
#10 D:\banyakanfolder\upil\htdocs\shopcart\vendor\codeigniter4\framework\system\Common.php(1217): CodeIgniter\View\View->render('layout/v_wrappe...', Array, true)
#11 D:\banyakanfolder\upil\htdocs\shopcart\app\Controllers\Home.php(19): view('layout/v_wrappe...', Array)
#12 D:\banyakanfolder\upil\htdocs\shopcart\vendor\codeigniter4\framework\system\CodeIgniter.php(936): App\Controllers\Home->index()
#13 D:\banyakanfolder\upil\htdocs\shopcart\vendor\codeigniter4\framework\system\CodeIgniter.php(432): CodeIgniter\CodeIgniter->runController(Object(App\Controllers\Home))
#14 D:\banyakanfolder\upil\htdocs\shopcart\vendor\codeigniter4\framework\system\CodeIgniter.php(333): CodeIgniter\CodeIgniter->handleRequest(NULL, Object(Config\Cache), false)
#15 D:\banyakanfolder\upil\htdocs\shopcart\public\index.php(44): CodeIgniter\CodeIgniter->run()
#16 {main}
CRITICAL - 2021-05-01 03:24:36 --> Call to undefined function form_open()
#0 D:\banyakanfolder\upil\htdocs\shopcart\vendor\codeigniter4\framework\system\View\View.php(220): include()
#1 D:\banyakanfolder\upil\htdocs\shopcart\vendor\codeigniter4\framework\system\View\View.php(222): CodeIgniter\View\View->CodeIgniter\View\{closure}()
#2 D:\banyakanfolder\upil\htdocs\shopcart\vendor\codeigniter4\framework\system\Common.php(1217): CodeIgniter\View\View->render('v_home', Array, true)
#3 D:\banyakanfolder\upil\htdocs\shopcart\app\Views\layout\v_content.php(3): view('v_home')
#4 D:\banyakanfolder\upil\htdocs\shopcart\vendor\codeigniter4\framework\system\View\View.php(220): include('D:\\banyakanfold...')
#5 D:\banyakanfolder\upil\htdocs\shopcart\vendor\codeigniter4\framework\system\View\View.php(222): CodeIgniter\View\View->CodeIgniter\View\{closure}()
#6 D:\banyakanfolder\upil\htdocs\shopcart\vendor\codeigniter4\framework\system\Common.php(1217): CodeIgniter\View\View->render('layout/v_conten...', Array, true)
#7 D:\banyakanfolder\upil\htdocs\shopcart\app\Views\layout\v_wrapper.php(4): view('layout/v_conten...')
#8 D:\banyakanfolder\upil\htdocs\shopcart\vendor\codeigniter4\framework\system\View\View.php(220): include('D:\\banyakanfold...')
#9 D:\banyakanfolder\upil\htdocs\shopcart\vendor\codeigniter4\framework\system\View\View.php(222): CodeIgniter\View\View->CodeIgniter\View\{closure}()
#10 D:\banyakanfolder\upil\htdocs\shopcart\vendor\codeigniter4\framework\system\Common.php(1217): CodeIgniter\View\View->render('layout/v_wrappe...', Array, true)
#11 D:\banyakanfolder\upil\htdocs\shopcart\app\Controllers\Home.php(19): view('layout/v_wrappe...', Array)
#12 D:\banyakanfolder\upil\htdocs\shopcart\vendor\codeigniter4\framework\system\CodeIgniter.php(936): App\Controllers\Home->index()
#13 D:\banyakanfolder\upil\htdocs\shopcart\vendor\codeigniter4\framework\system\CodeIgniter.php(432): CodeIgniter\CodeIgniter->runController(Object(App\Controllers\Home))
#14 D:\banyakanfolder\upil\htdocs\shopcart\vendor\codeigniter4\framework\system\CodeIgniter.php(333): CodeIgniter\CodeIgniter->handleRequest(NULL, Object(Config\Cache), false)
#15 D:\banyakanfolder\upil\htdocs\shopcart\public\index.php(44): CodeIgniter\CodeIgniter->run()
#16 {main}
CRITICAL - 2021-05-01 03:24:49 --> Undefined property: App\Controllers\Home::$load
#0 D:\banyakanfolder\upil\htdocs\shopcart\app\Controllers\Home.php(14): CodeIgniter\Debug\Exceptions->errorHandler(8, 'Undefined prope...', 'D:\\banyakanfold...', 14, Array)
#1 D:\banyakanfolder\upil\htdocs\shopcart\vendor\codeigniter4\framework\system\CodeIgniter.php(936): App\Controllers\Home->index()
#2 D:\banyakanfolder\upil\htdocs\shopcart\vendor\codeigniter4\framework\system\CodeIgniter.php(432): CodeIgniter\CodeIgniter->runController(Object(App\Controllers\Home))
#3 D:\banyakanfolder\upil\htdocs\shopcart\vendor\codeigniter4\framework\system\CodeIgniter.php(333): CodeIgniter\CodeIgniter->handleRequest(NULL, Object(Config\Cache), false)
#4 D:\banyakanfolder\upil\htdocs\shopcart\public\index.php(44): CodeIgniter\CodeIgniter->run()
#5 {main}
CRITICAL - 2021-05-01 03:25:25 --> Call to undefined function form_open()
#0 D:\banyakanfolder\upil\htdocs\shopcart\vendor\codeigniter4\framework\system\View\View.php(220): include()
#1 D:\banyakanfolder\upil\htdocs\shopcart\vendor\codeigniter4\framework\system\View\View.php(222): CodeIgniter\View\View->CodeIgniter\View\{closure}()
#2 D:\banyakanfolder\upil\htdocs\shopcart\vendor\codeigniter4\framework\system\Common.php(1217): CodeIgniter\View\View->render('v_home', Array, true)
#3 D:\banyakanfolder\upil\htdocs\shopcart\app\Views\layout\v_content.php(3): view('v_home')
#4 D:\banyakanfolder\upil\htdocs\shopcart\vendor\codeigniter4\framework\system\View\View.php(220): include('D:\\banyakanfold...')
#5 D:\banyakanfolder\upil\htdocs\shopcart\vendor\codeigniter4\framework\system\View\View.php(222): CodeIgniter\View\View->CodeIgniter\View\{closure}()
#6 D:\banyakanfolder\upil\htdocs\shopcart\vendor\codeigniter4\framework\system\Common.php(1217): CodeIgniter\View\View->render('layout/v_conten...', Array, true)
#7 D:\banyakanfolder\upil\htdocs\shopcart\app\Views\layout\v_wrapper.php(4): view('layout/v_conten...')
#8 D:\banyakanfolder\upil\htdocs\shopcart\vendor\codeigniter4\framework\system\View\View.php(220): include('D:\\banyakanfold...')
#9 D:\banyakanfolder\upil\htdocs\shopcart\vendor\codeigniter4\framework\system\View\View.php(222): CodeIgniter\View\View->CodeIgniter\View\{closure}()
#10 D:\banyakanfolder\upil\htdocs\shopcart\vendor\codeigniter4\framework\system\Common.php(1217): CodeIgniter\View\View->render('layout/v_wrappe...', Array, true)
#11 D:\banyakanfolder\upil\htdocs\shopcart\app\Controllers\Home.php(20): view('layout/v_wrappe...', Array)
#12 D:\banyakanfolder\upil\htdocs\shopcart\vendor\codeigniter4\framework\system\CodeIgniter.php(936): App\Controllers\Home->index()
#13 D:\banyakanfolder\upil\htdocs\shopcart\vendor\codeigniter4\framework\system\CodeIgniter.php(432): CodeIgniter\CodeIgniter->runController(Object(App\Controllers\Home))
#14 D:\banyakanfolder\upil\htdocs\shopcart\vendor\codeigniter4\framework\system\CodeIgniter.php(333): CodeIgniter\CodeIgniter->handleRequest(NULL, Object(Config\Cache), false)
#15 D:\banyakanfolder\upil\htdocs\shopcart\public\index.php(44): CodeIgniter\CodeIgniter->run()
#16 {main}
CRITICAL - 2021-05-01 03:33:29 --> Function name must be a string
#0 D:\banyakanfolder\upil\htdocs\shopcart\vendor\codeigniter4\framework\system\View\View.php(220): include()
#1 D:\banyakanfolder\upil\htdocs\shopcart\vendor\codeigniter4\framework\system\View\View.php(222): CodeIgniter\View\View->CodeIgniter\View\{closure}()
#2 D:\banyakanfolder\upil\htdocs\shopcart\vendor\codeigniter4\framework\system\Common.php(1217): CodeIgniter\View\View->render('v_home', Array, true)
#3 D:\banyakanfolder\upil\htdocs\shopcart\app\Views\layout\v_content.php(3): view('v_home')
#4 D:\banyakanfolder\upil\htdocs\shopcart\vendor\codeigniter4\framework\system\View\View.php(220): include('D:\\banyakanfold...')
#5 D:\banyakanfolder\upil\htdocs\shopcart\vendor\codeigniter4\framework\system\View\View.php(222): CodeIgniter\View\View->CodeIgniter\View\{closure}()
#6 D:\banyakanfolder\upil\htdocs\shopcart\vendor\codeigniter4\framework\system\Common.php(1217): CodeIgniter\View\View->render('layout/v_conten...', Array, true)
#7 D:\banyakanfolder\upil\htdocs\shopcart\app\Views\layout\v_wrapper.php(4): view('layout/v_conten...')
#8 D:\banyakanfolder\upil\htdocs\shopcart\vendor\codeigniter4\framework\system\View\View.php(220): include('D:\\banyakanfold...')
#9 D:\banyakanfolder\upil\htdocs\shopcart\vendor\codeigniter4\framework\system\View\View.php(222): CodeIgniter\View\View->CodeIgniter\View\{closure}()
#10 D:\banyakanfolder\upil\htdocs\shopcart\vendor\codeigniter4\framework\system\Common.php(1217): CodeIgniter\View\View->render('layout/v_wrappe...', Array, true)
#11 D:\banyakanfolder\upil\htdocs\shopcart\app\Controllers\Home.php(20): view('layout/v_wrappe...', Array)
#12 D:\banyakanfolder\upil\htdocs\shopcart\vendor\codeigniter4\framework\system\CodeIgniter.php(936): App\Controllers\Home->index()
#13 D:\banyakanfolder\upil\htdocs\shopcart\vendor\codeigniter4\framework\system\CodeIgniter.php(432): CodeIgniter\CodeIgniter->runController(Object(App\Controllers\Home))
#14 D:\banyakanfolder\upil\htdocs\shopcart\vendor\codeigniter4\framework\system\CodeIgniter.php(333): CodeIgniter\CodeIgniter->handleRequest(NULL, Object(Config\Cache), false)
#15 D:\banyakanfolder\upil\htdocs\shopcart\public\index.php(44): CodeIgniter\CodeIgniter->run()
#16 {main}
CRITICAL - 2021-05-01 04:09:09 --> syntax error, unexpected ';'
#0 D:\banyakanfolder\upil\htdocs\shopcart\vendor\codeigniter4\framework\system\Router\Router.php(170): CodeIgniter\Router\Router->autoRoute('home/cek')
#1 D:\banyakanfolder\upil\htdocs\shopcart\vendor\codeigniter4\framework\system\CodeIgniter.php(816): CodeIgniter\Router\Router->handle('home/cek')
#2 D:\banyakanfolder\upil\htdocs\shopcart\vendor\codeigniter4\framework\system\CodeIgniter.php(385): CodeIgniter\CodeIgniter->tryToRouteIt(Object(CodeIgniter\Router\RouteCollection))
#3 D:\banyakanfolder\upil\htdocs\shopcart\vendor\codeigniter4\framework\system\CodeIgniter.php(333): CodeIgniter\CodeIgniter->handleRequest(NULL, Object(Config\Cache), false)
#4 D:\banyakanfolder\upil\htdocs\shopcart\public\index.php(44): CodeIgniter\CodeIgniter->run()
#5 {main}
CRITICAL - 2021-05-01 04:26:04 --> syntax error, unexpected '->' (T_OBJECT_OPERATOR)
#0 D:\banyakanfolder\upil\htdocs\shopcart\vendor\codeigniter4\framework\system\Router\Router.php(170): CodeIgniter\Router\Router->autoRoute('home')
#1 D:\banyakanfolder\upil\htdocs\shopcart\vendor\codeigniter4\framework\system\CodeIgniter.php(816): CodeIgniter\Router\Router->handle('home')
#2 D:\banyakanfolder\upil\htdocs\shopcart\vendor\codeigniter4\framework\system\CodeIgniter.php(385): CodeIgniter\CodeIgniter->tryToRouteIt(Object(CodeIgniter\Router\RouteCollection))
#3 D:\banyakanfolder\upil\htdocs\shopcart\vendor\codeigniter4\framework\system\CodeIgniter.php(333): CodeIgniter\CodeIgniter->handleRequest(NULL, Object(Config\Cache), false)
#4 D:\banyakanfolder\upil\htdocs\shopcart\public\index.php(44): CodeIgniter\CodeIgniter->run()
#5 {main}
CRITICAL - 2021-05-01 04:26:31 --> syntax error, unexpected 'return' (T_RETURN)
#0 D:\banyakanfolder\upil\htdocs\shopcart\vendor\codeigniter4\framework\system\Router\Router.php(170): CodeIgniter\Router\Router->autoRoute('home')
#1 D:\banyakanfolder\upil\htdocs\shopcart\vendor\codeigniter4\framework\system\CodeIgniter.php(816): CodeIgniter\Router\Router->handle('home')
#2 D:\banyakanfolder\upil\htdocs\shopcart\vendor\codeigniter4\framework\system\CodeIgniter.php(385): CodeIgniter\CodeIgniter->tryToRouteIt(Object(CodeIgniter\Router\RouteCollection))
#3 D:\banyakanfolder\upil\htdocs\shopcart\vendor\codeigniter4\framework\system\CodeIgniter.php(333): CodeIgniter\CodeIgniter->handleRequest(NULL, Object(Config\Cache), false)
#4 D:\banyakanfolder\upil\htdocs\shopcart\public\index.php(44): CodeIgniter\CodeIgniter->run()
#5 {main}
CRITICAL - 2021-05-01 04:27:12 --> Call to undefined method CodeIgniter\Session\Session::setflasdata()
#0 D:\banyakanfolder\upil\htdocs\shopcart\vendor\codeigniter4\framework\system\CodeIgniter.php(936): App\Controllers\Home->add()
#1 D:\banyakanfolder\upil\htdocs\shopcart\vendor\codeigniter4\framework\system\CodeIgniter.php(432): CodeIgniter\CodeIgniter->runController(Object(App\Controllers\Home))
#2 D:\banyakanfolder\upil\htdocs\shopcart\vendor\codeigniter4\framework\system\CodeIgniter.php(333): CodeIgniter\CodeIgniter->handleRequest(NULL, Object(Config\Cache), false)
#3 D:\banyakanfolder\upil\htdocs\shopcart\public\index.php(44): CodeIgniter\CodeIgniter->run()
#4 {main}
CRITICAL - 2021-05-01 04:30:13 --> syntax error, unexpected 'alert' (T_STRING), expecting ',' or ';'
#0 D:\banyakanfolder\upil\htdocs\shopcart\vendor\codeigniter4\framework\system\View\View.php(222): CodeIgniter\View\View->CodeIgniter\View\{closure}()
#1 D:\banyakanfolder\upil\htdocs\shopcart\vendor\codeigniter4\framework\system\Common.php(1217): CodeIgniter\View\View->render('v_home', Array, true)
#2 D:\banyakanfolder\upil\htdocs\shopcart\app\Views\layout\v_content.php(3): view('v_home')
#3 D:\banyakanfolder\upil\htdocs\shopcart\vendor\codeigniter4\framework\system\View\View.php(220): include('D:\\banyakanfold...')
#4 D:\banyakanfolder\upil\htdocs\shopcart\vendor\codeigniter4\framework\system\View\View.php(222): CodeIgniter\View\View->CodeIgniter\View\{closure}()
#5 D:\banyakanfolder\upil\htdocs\shopcart\vendor\codeigniter4\framework\system\Common.php(1217): CodeIgniter\View\View->render('layout/v_conten...', Array, true)
#6 D:\banyakanfolder\upil\htdocs\shopcart\app\Views\layout\v_wrapper.php(4): view('layout/v_conten...')
#7 D:\banyakanfolder\upil\htdocs\shopcart\vendor\codeigniter4\framework\system\View\View.php(220): include('D:\\banyakanfold...')
#8 D:\banyakanfolder\upil\htdocs\shopcart\vendor\codeigniter4\framework\system\View\View.php(222): CodeIgniter\View\View->CodeIgniter\View\{closure}()
#9 D:\banyakanfolder\upil\htdocs\shopcart\vendor\codeigniter4\framework\system\Common.php(1217): CodeIgniter\View\View->render('layout/v_wrappe...', Array, true)
#10 D:\banyakanfolder\upil\htdocs\shopcart\app\Controllers\Home.php(20): view('layout/v_wrappe...', Array)
#11 D:\banyakanfolder\upil\htdocs\shopcart\vendor\codeigniter4\framework\system\CodeIgniter.php(936): App\Controllers\Home->index()
#12 D:\banyakanfolder\upil\htdocs\shopcart\vendor\codeigniter4\framework\system\CodeIgniter.php(432): CodeIgniter\CodeIgniter->runController(Object(App\Controllers\Home))
#13 D:\banyakanfolder\upil\htdocs\shopcart\vendor\codeigniter4\framework\system\CodeIgniter.php(333): CodeIgniter\CodeIgniter->handleRequest(NULL, Object(Config\Cache), false)
#14 D:\banyakanfolder\upil\htdocs\shopcart\public\index.php(44): CodeIgniter\CodeIgniter->run()
#15 {main}
CRITICAL - 2021-05-01 04:59:00 --> Array to string conversion
#0 D:\banyakanfolder\upil\htdocs\shopcart\app\Views\layout\v_nav.php(48): CodeIgniter\Debug\Exceptions->errorHandler(8, 'Array to string...', 'D:\\banyakanfold...', 48, Array)
#1 D:\banyakanfolder\upil\htdocs\shopcart\vendor\codeigniter4\framework\system\View\View.php(220): include('D:\\banyakanfold...')
#2 D:\banyakanfolder\upil\htdocs\shopcart\vendor\codeigniter4\framework\system\View\View.php(222): CodeIgniter\View\View->CodeIgniter\View\{closure}()
#3 D:\banyakanfolder\upil\htdocs\shopcart\vendor\codeigniter4\framework\system\Common.php(1217): CodeIgniter\View\View->render('layout/v_nav', Array, true)
#4 D:\banyakanfolder\upil\htdocs\shopcart\app\Views\layout\v_wrapper.php(3): view('layout/v_nav')
#5 D:\banyakanfolder\upil\htdocs\shopcart\vendor\codeigniter4\framework\system\View\View.php(220): include('D:\\banyakanfold...')
#6 D:\banyakanfolder\upil\htdocs\shopcart\vendor\codeigniter4\framework\system\View\View.php(222): CodeIgniter\View\View->CodeIgniter\View\{closure}()
#7 D:\banyakanfolder\upil\htdocs\shopcart\vendor\codeigniter4\framework\system\Common.php(1217): CodeIgniter\View\View->render('layout/v_wrappe...', Array, true)
#8 D:\banyakanfolder\upil\htdocs\shopcart\app\Controllers\Home.php(21): view('layout/v_wrappe...', Array)
#9 D:\banyakanfolder\upil\htdocs\shopcart\vendor\codeigniter4\framework\system\CodeIgniter.php(936): App\Controllers\Home->index()
#10 D:\banyakanfolder\upil\htdocs\shopcart\vendor\codeigniter4\framework\system\CodeIgniter.php(432): CodeIgniter\CodeIgniter->runController(Object(App\Controllers\Home))
#11 D:\banyakanfolder\upil\htdocs\shopcart\vendor\codeigniter4\framework\system\CodeIgniter.php(333): CodeIgniter\CodeIgniter->handleRequest(NULL, Object(Config\Cache), false)
#12 D:\banyakanfolder\upil\htdocs\shopcart\public\index.php(44): CodeIgniter\CodeIgniter->run()
#13 {main}
CRITICAL - 2021-05-01 05:13:28 --> Use of undefined constant value - assumed 'value' (this will throw an Error in a future version of PHP)
#0 D:\banyakanfolder\upil\htdocs\shopcart\app\Views\layout\v_nav.php(52): CodeIgniter\Debug\Exceptions->errorHandler(2, 'Use of undefine...', 'D:\\banyakanfold...', 52, Array)
#1 D:\banyakanfolder\upil\htdocs\shopcart\vendor\codeigniter4\framework\system\View\View.php(220): include('D:\\banyakanfold...')
#2 D:\banyakanfolder\upil\htdocs\shopcart\vendor\codeigniter4\framework\system\View\View.php(222): CodeIgniter\View\View->CodeIgniter\View\{closure}()
#3 D:\banyakanfolder\upil\htdocs\shopcart\vendor\codeigniter4\framework\system\Common.php(1217): CodeIgniter\View\View->render('layout/v_nav', Array, true)
#4 D:\banyakanfolder\upil\htdocs\shopcart\app\Views\layout\v_wrapper.php(3): view('layout/v_nav')
#5 D:\banyakanfolder\upil\htdocs\shopcart\vendor\codeigniter4\framework\system\View\View.php(220): include('D:\\banyakanfold...')
#6 D:\banyakanfolder\upil\htdocs\shopcart\vendor\codeigniter4\framework\system\View\View.php(222): CodeIgniter\View\View->CodeIgniter\View\{closure}()
#7 D:\banyakanfolder\upil\htdocs\shopcart\vendor\codeigniter4\framework\system\Common.php(1217): CodeIgniter\View\View->render('layout/v_wrappe...', Array, true)
#8 D:\banyakanfolder\upil\htdocs\shopcart\app\Controllers\Home.php(21): view('layout/v_wrappe...', Array)
#9 D:\banyakanfolder\upil\htdocs\shopcart\vendor\codeigniter4\framework\system\CodeIgniter.php(936): App\Controllers\Home->index()
#10 D:\banyakanfolder\upil\htdocs\shopcart\vendor\codeigniter4\framework\system\CodeIgniter.php(432): CodeIgniter\CodeIgniter->runController(Object(App\Controllers\Home))
#11 D:\banyakanfolder\upil\htdocs\shopcart\vendor\codeigniter4\framework\system\CodeIgniter.php(333): CodeIgniter\CodeIgniter->handleRequest(NULL, Object(Config\Cache), false)
#12 D:\banyakanfolder\upil\htdocs\shopcart\public\index.php(44): CodeIgniter\CodeIgniter->run()
#13 {main}
CRITICAL - 2021-05-01 05:13:41 --> Use of undefined constant value - assumed 'value' (this will throw an Error in a future version of PHP)
#0 D:\banyakanfolder\upil\htdocs\shopcart\app\Views\layout\v_nav.php(52): CodeIgniter\Debug\Exceptions->errorHandler(2, 'Use of undefine...', 'D:\\banyakanfold...', 52, Array)
#1 D:\banyakanfolder\upil\htdocs\shopcart\vendor\codeigniter4\framework\system\View\View.php(220): include('D:\\banyakanfold...')
#2 D:\banyakanfolder\upil\htdocs\shopcart\vendor\codeigniter4\framework\system\View\View.php(222): CodeIgniter\View\View->CodeIgniter\View\{closure}()
#3 D:\banyakanfolder\upil\htdocs\shopcart\vendor\codeigniter4\framework\system\Common.php(1217): CodeIgniter\View\View->render('layout/v_nav', Array, true)
#4 D:\banyakanfolder\upil\htdocs\shopcart\app\Views\layout\v_wrapper.php(3): view('layout/v_nav')
#5 D:\banyakanfolder\upil\htdocs\shopcart\vendor\codeigniter4\framework\system\View\View.php(220): include('D:\\banyakanfold...')
#6 D:\banyakanfolder\upil\htdocs\shopcart\vendor\codeigniter4\framework\system\View\View.php(222): CodeIgniter\View\View->CodeIgniter\View\{closure}()
#7 D:\banyakanfolder\upil\htdocs\shopcart\vendor\codeigniter4\framework\system\Common.php(1217): CodeIgniter\View\View->render('layout/v_wrappe...', Array, true)
#8 D:\banyakanfolder\upil\htdocs\shopcart\app\Controllers\Home.php(21): view('layout/v_wrappe...', Array)
#9 D:\banyakanfolder\upil\htdocs\shopcart\vendor\codeigniter4\framework\system\CodeIgniter.php(936): App\Controllers\Home->index()
#10 D:\banyakanfolder\upil\htdocs\shopcart\vendor\codeigniter4\framework\system\CodeIgniter.php(432): CodeIgniter\CodeIgniter->runController(Object(App\Controllers\Home))
#11 D:\banyakanfolder\upil\htdocs\shopcart\vendor\codeigniter4\framework\system\CodeIgniter.php(333): CodeIgniter\CodeIgniter->handleRequest(NULL, Object(Config\Cache), false)
#12 D:\banyakanfolder\upil\htdocs\shopcart\public\index.php(44): CodeIgniter\CodeIgniter->run()
#13 {main}
CRITICAL - 2021-05-01 05:23:13 --> syntax error, unexpected '->' (T_OBJECT_OPERATOR), expecting ',' or ';'
#0 D:\banyakanfolder\upil\htdocs\shopcart\vendor\codeigniter4\framework\system\View\View.php(222): CodeIgniter\View\View->CodeIgniter\View\{closure}()
#1 D:\banyakanfolder\upil\htdocs\shopcart\vendor\codeigniter4\framework\system\Common.php(1217): CodeIgniter\View\View->render('layout/v_nav', Array, true)
#2 D:\banyakanfolder\upil\htdocs\shopcart\app\Views\layout\v_wrapper.php(3): view('layout/v_nav')
#3 D:\banyakanfolder\upil\htdocs\shopcart\vendor\codeigniter4\framework\system\View\View.php(220): include('D:\\banyakanfold...')
#4 D:\banyakanfolder\upil\htdocs\shopcart\vendor\codeigniter4\framework\system\View\View.php(222): CodeIgniter\View\View->CodeIgniter\View\{closure}()
#5 D:\banyakanfolder\upil\htdocs\shopcart\vendor\codeigniter4\framework\system\Common.php(1217): CodeIgniter\View\View->render('layout/v_wrappe...', Array, true)
#6 D:\banyakanfolder\upil\htdocs\shopcart\app\Controllers\Home.php(21): view('layout/v_wrappe...', Array)
#7 D:\banyakanfolder\upil\htdocs\shopcart\vendor\codeigniter4\framework\system\CodeIgniter.php(936): App\Controllers\Home->index()
#8 D:\banyakanfolder\upil\htdocs\shopcart\vendor\codeigniter4\framework\system\CodeIgniter.php(432): CodeIgniter\CodeIgniter->runController(Object(App\Controllers\Home))
#9 D:\banyakanfolder\upil\htdocs\shopcart\vendor\codeigniter4\framework\system\CodeIgniter.php(333): CodeIgniter\CodeIgniter->handleRequest(NULL, Object(Config\Cache), false)
#10 D:\banyakanfolder\upil\htdocs\shopcart\public\index.php(44): CodeIgniter\CodeIgniter->run()
#11 {main}
CRITICAL - 2021-05-01 05:26:50 --> Undefined index: harga
#0 D:\banyakanfolder\upil\htdocs\shopcart\app\Views\layout\v_nav.php(55): CodeIgniter\Debug\Exceptions->errorHandler(8, 'Undefined index...', 'D:\\banyakanfold...', 55, Array)
#1 D:\banyakanfolder\upil\htdocs\shopcart\vendor\codeigniter4\framework\system\View\View.php(220): include('D:\\banyakanfold...')
#2 D:\banyakanfolder\upil\htdocs\shopcart\vendor\codeigniter4\framework\system\View\View.php(222): CodeIgniter\View\View->CodeIgniter\View\{closure}()
#3 D:\banyakanfolder\upil\htdocs\shopcart\vendor\codeigniter4\framework\system\Common.php(1217): CodeIgniter\View\View->render('layout/v_nav', Array, true)
#4 D:\banyakanfolder\upil\htdocs\shopcart\app\Views\layout\v_wrapper.php(3): view('layout/v_nav')
#5 D:\banyakanfolder\upil\htdocs\shopcart\vendor\codeigniter4\framework\system\View\View.php(220): include('D:\\banyakanfold...')
#6 D:\banyakanfolder\upil\htdocs\shopcart\vendor\codeigniter4\framework\system\View\View.php(222): CodeIgniter\View\View->CodeIgniter\View\{closure}()
#7 D:\banyakanfolder\upil\htdocs\shopcart\vendor\codeigniter4\framework\system\Common.php(1217): CodeIgniter\View\View->render('layout/v_wrappe...', Array, true)
#8 D:\banyakanfolder\upil\htdocs\shopcart\app\Controllers\Home.php(21): view('layout/v_wrappe...', Array)
#9 D:\banyakanfolder\upil\htdocs\shopcart\vendor\codeigniter4\framework\system\CodeIgniter.php(936): App\Controllers\Home->index()
#10 D:\banyakanfolder\upil\htdocs\shopcart\vendor\codeigniter4\framework\system\CodeIgniter.php(432): CodeIgniter\CodeIgniter->runController(Object(App\Controllers\Home))
#11 D:\banyakanfolder\upil\htdocs\shopcart\vendor\codeigniter4\framework\system\CodeIgniter.php(333): CodeIgniter\CodeIgniter->handleRequest(NULL, Object(Config\Cache), false)
#12 D:\banyakanfolder\upil\htdocs\shopcart\public\index.php(44): CodeIgniter\CodeIgniter->run()
#13 {main}
CRITICAL - 2021-05-01 08:07:55 --> syntax error, unexpected ';'
#0 D:\banyakanfolder\upil\htdocs\shopcart\vendor\codeigniter4\framework\system\View\View.php(222): CodeIgniter\View\View->CodeIgniter\View\{closure}()
#1 D:\banyakanfolder\upil\htdocs\shopcart\vendor\codeigniter4\framework\system\Common.php(1217): CodeIgniter\View\View->render('v_cart', Array, true)
#2 D:\banyakanfolder\upil\htdocs\shopcart\app\Views\layout\v_content.php(3): view('v_cart')
#3 D:\banyakanfolder\upil\htdocs\shopcart\vendor\codeigniter4\framework\system\View\View.php(220): include('D:\\banyakanfold...')
#4 D:\banyakanfolder\upil\htdocs\shopcart\vendor\codeigniter4\framework\system\View\View.php(222): CodeIgniter\View\View->CodeIgniter\View\{closure}()
#5 D:\banyakanfolder\upil\htdocs\shopcart\vendor\codeigniter4\framework\system\Common.php(1217): CodeIgniter\View\View->render('layout/v_conten...', Array, true)
#6 D:\banyakanfolder\upil\htdocs\shopcart\app\Views\layout\v_wrapper.php(4): view('layout/v_conten...')
#7 D:\banyakanfolder\upil\htdocs\shopcart\vendor\codeigniter4\framework\system\View\View.php(220): include('D:\\banyakanfold...')
#8 D:\banyakanfolder\upil\htdocs\shopcart\vendor\codeigniter4\framework\system\View\View.php(222): CodeIgniter\View\View->CodeIgniter\View\{closure}()
#9 D:\banyakanfolder\upil\htdocs\shopcart\vendor\codeigniter4\framework\system\Common.php(1217): CodeIgniter\View\View->render('layout/v_wrappe...', Array, true)
#10 D:\banyakanfolder\upil\htdocs\shopcart\app\Controllers\Home.php(58): view('layout/v_wrappe...', Array)
#11 D:\banyakanfolder\upil\htdocs\shopcart\vendor\codeigniter4\framework\system\CodeIgniter.php(936): App\Controllers\Home->cart()
#12 D:\banyakanfolder\upil\htdocs\shopcart\vendor\codeigniter4\framework\system\CodeIgniter.php(432): CodeIgniter\CodeIgniter->runController(Object(App\Controllers\Home))
#13 D:\banyakanfolder\upil\htdocs\shopcart\vendor\codeigniter4\framework\system\CodeIgniter.php(333): CodeIgniter\CodeIgniter->handleRequest(NULL, Object(Config\Cache), false)
#14 D:\banyakanfolder\upil\htdocs\shopcart\public\index.php(44): CodeIgniter\CodeIgniter->run()
#15 {main}
CRITICAL - 2021-05-01 08:17:33 --> Undefined index: berat
#0 D:\banyakanfolder\upil\htdocs\shopcart\app\Views\v_cart.php(36): CodeIgniter\Debug\Exceptions->errorHandler(8, 'Undefined index...', 'D:\\banyakanfold...', 36, Array)
#1 D:\banyakanfolder\upil\htdocs\shopcart\vendor\codeigniter4\framework\system\View\View.php(220): include('D:\\banyakanfold...')
#2 D:\banyakanfolder\upil\htdocs\shopcart\vendor\codeigniter4\framework\system\View\View.php(222): CodeIgniter\View\View->CodeIgniter\View\{closure}()
#3 D:\banyakanfolder\upil\htdocs\shopcart\vendor\codeigniter4\framework\system\Common.php(1217): CodeIgniter\View\View->render('v_cart', Array, true)
#4 D:\banyakanfolder\upil\htdocs\shopcart\app\Views\layout\v_content.php(3): view('v_cart')
#5 D:\banyakanfolder\upil\htdocs\shopcart\vendor\codeigniter4\framework\system\View\View.php(220): include('D:\\banyakanfold...')
#6 D:\banyakanfolder\upil\htdocs\shopcart\vendor\codeigniter4\framework\system\View\View.php(222): CodeIgniter\View\View->CodeIgniter\View\{closure}()
#7 D:\banyakanfolder\upil\htdocs\shopcart\vendor\codeigniter4\framework\system\Common.php(1217): CodeIgniter\View\View->render('layout/v_conten...', Array, true)
#8 D:\banyakanfolder\upil\htdocs\shopcart\app\Views\layout\v_wrapper.php(4): view('layout/v_conten...')
#9 D:\banyakanfolder\upil\htdocs\shopcart\vendor\codeigniter4\framework\system\View\View.php(220): include('D:\\banyakanfold...')
#10 D:\banyakanfolder\upil\htdocs\shopcart\vendor\codeigniter4\framework\system\View\View.php(222): CodeIgniter\View\View->CodeIgniter\View\{closure}()
#11 D:\banyakanfolder\upil\htdocs\shopcart\vendor\codeigniter4\framework\system\Common.php(1217): CodeIgniter\View\View->render('layout/v_wrappe...', Array, true)
#12 D:\banyakanfolder\upil\htdocs\shopcart\app\Controllers\Home.php(58): view('layout/v_wrappe...', Array)
#13 D:\banyakanfolder\upil\htdocs\shopcart\vendor\codeigniter4\framework\system\CodeIgniter.php(936): App\Controllers\Home->cart()
#14 D:\banyakanfolder\upil\htdocs\shopcart\vendor\codeigniter4\framework\system\CodeIgniter.php(432): CodeIgniter\CodeIgniter->runController(Object(App\Controllers\Home))
#15 D:\banyakanfolder\upil\htdocs\shopcart\vendor\codeigniter4\framework\system\CodeIgniter.php(333): CodeIgniter\CodeIgniter->handleRequest(NULL, Object(Config\Cache), false)
#16 D:\banyakanfolder\upil\htdocs\shopcart\public\index.php(44): CodeIgniter\CodeIgniter->run()
#17 {main}
CRITICAL - 2021-05-01 08:19:23 --> Call to a member function total() on array
#0 D:\banyakanfolder\upil\htdocs\shopcart\vendor\codeigniter4\framework\system\View\View.php(220): include()
#1 D:\banyakanfolder\upil\htdocs\shopcart\vendor\codeigniter4\framework\system\View\View.php(222): CodeIgniter\View\View->CodeIgniter\View\{closure}()
#2 D:\banyakanfolder\upil\htdocs\shopcart\vendor\codeigniter4\framework\system\Common.php(1217): CodeIgniter\View\View->render('v_cart', Array, true)
#3 D:\banyakanfolder\upil\htdocs\shopcart\app\Views\layout\v_content.php(3): view('v_cart')
#4 D:\banyakanfolder\upil\htdocs\shopcart\vendor\codeigniter4\framework\system\View\View.php(220): include('D:\\banyakanfold...')
#5 D:\banyakanfolder\upil\htdocs\shopcart\vendor\codeigniter4\framework\system\View\View.php(222): CodeIgniter\View\View->CodeIgniter\View\{closure}()
#6 D:\banyakanfolder\upil\htdocs\shopcart\vendor\codeigniter4\framework\system\Common.php(1217): CodeIgniter\View\View->render('layout/v_conten...', Array, true)
#7 D:\banyakanfolder\upil\htdocs\shopcart\app\Views\layout\v_wrapper.php(4): view('layout/v_conten...')
#8 D:\banyakanfolder\upil\htdocs\shopcart\vendor\codeigniter4\framework\system\View\View.php(220): include('D:\\banyakanfold...')
#9 D:\banyakanfolder\upil\htdocs\shopcart\vendor\codeigniter4\framework\system\View\View.php(222): CodeIgniter\View\View->CodeIgniter\View\{closure}()
#10 D:\banyakanfolder\upil\htdocs\shopcart\vendor\codeigniter4\framework\system\Common.php(1217): CodeIgniter\View\View->render('layout/v_wrappe...', Array, true)
#11 D:\banyakanfolder\upil\htdocs\shopcart\app\Controllers\Home.php(58): view('layout/v_wrappe...', Array)
#12 D:\banyakanfolder\upil\htdocs\shopcart\vendor\codeigniter4\framework\system\CodeIgniter.php(936): App\Controllers\Home->cart()
#13 D:\banyakanfolder\upil\htdocs\shopcart\vendor\codeigniter4\framework\system\CodeIgniter.php(432): CodeIgniter\CodeIgniter->runController(Object(App\Controllers\Home))
#14 D:\banyakanfolder\upil\htdocs\shopcart\vendor\codeigniter4\framework\system\CodeIgniter.php(333): CodeIgniter\CodeIgniter->handleRequest(NULL, Object(Config\Cache), false)
#15 D:\banyakanfolder\upil\htdocs\shopcart\public\index.php(44): CodeIgniter\CodeIgniter->run()
#16 {main}
CRITICAL - 2021-05-01 17:22:28 --> Call to a member function total() on array
#0 D:\banyakanfolder\upil\htdocs\shopcart\vendor\codeigniter4\framework\system\View\View.php(220): include()
#1 D:\banyakanfolder\upil\htdocs\shopcart\vendor\codeigniter4\framework\system\View\View.php(222): CodeIgniter\View\View->CodeIgniter\View\{closure}()
#2 D:\banyakanfolder\upil\htdocs\shopcart\vendor\codeigniter4\framework\system\Common.php(1217): CodeIgniter\View\View->render('v_cart', Array, true)
#3 D:\banyakanfolder\upil\htdocs\shopcart\app\Views\layout\v_content.php(3): view('v_cart')
#4 D:\banyakanfolder\upil\htdocs\shopcart\vendor\codeigniter4\framework\system\View\View.php(220): include('D:\\banyakanfold...')
#5 D:\banyakanfolder\upil\htdocs\shopcart\vendor\codeigniter4\framework\system\View\View.php(222): CodeIgniter\View\View->CodeIgniter\View\{closure}()
#6 D:\banyakanfolder\upil\htdocs\shopcart\vendor\codeigniter4\framework\system\Common.php(1217): CodeIgniter\View\View->render('layout/v_conten...', Array, true)
#7 D:\banyakanfolder\upil\htdocs\shopcart\app\Views\layout\v_wrapper.php(4): view('layout/v_conten...')
#8 D:\banyakanfolder\upil\htdocs\shopcart\vendor\codeigniter4\framework\system\View\View.php(220): include('D:\\banyakanfold...')
#9 D:\banyakanfolder\upil\htdocs\shopcart\vendor\codeigniter4\framework\system\View\View.php(222): CodeIgniter\View\View->CodeIgniter\View\{closure}()
#10 D:\banyakanfolder\upil\htdocs\shopcart\vendor\codeigniter4\framework\system\Common.php(1217): CodeIgniter\View\View->render('layout/v_wrappe...', Array, true)
#11 D:\banyakanfolder\upil\htdocs\shopcart\app\Controllers\Home.php(58): view('layout/v_wrappe...', Array)
#12 D:\banyakanfolder\upil\htdocs\shopcart\vendor\codeigniter4\framework\system\CodeIgniter.php(936): App\Controllers\Home->cart()
#13 D:\banyakanfolder\upil\htdocs\shopcart\vendor\codeigniter4\framework\system\CodeIgniter.php(432): CodeIgniter\CodeIgniter->runController(Object(App\Controllers\Home))
#14 D:\banyakanfolder\upil\htdocs\shopcart\vendor\codeigniter4\framework\system\CodeIgniter.php(333): CodeIgniter\CodeIgniter->handleRequest(NULL, Object(Config\Cache), false)
#15 D:\banyakanfolder\upil\htdocs\shopcart\public\index.php(44): CodeIgniter\CodeIgniter->run()
#16 {main}
CRITICAL - 2021-05-01 17:25:05 --> Undefined property: App\Controllers\Home::$load
#0 D:\banyakanfolder\upil\htdocs\shopcart\app\Controllers\Home.php(9): CodeIgniter\Debug\Exceptions->errorHandler(8, 'Undefined prope...', 'D:\\banyakanfold...', 9, Array)
#1 D:\banyakanfolder\upil\htdocs\shopcart\vendor\codeigniter4\framework\system\CodeIgniter.php(908): App\Controllers\Home->__construct()
#2 D:\banyakanfolder\upil\htdocs\shopcart\vendor\codeigniter4\framework\system\CodeIgniter.php(422): CodeIgniter\CodeIgniter->createController()
#3 D:\banyakanfolder\upil\htdocs\shopcart\vendor\codeigniter4\framework\system\CodeIgniter.php(333): CodeIgniter\CodeIgniter->handleRequest(NULL, Object(Config\Cache), false)
#4 D:\banyakanfolder\upil\htdocs\shopcart\public\index.php(44): CodeIgniter\CodeIgniter->run()
#5 {main}
CRITICAL - 2021-05-01 17:25:11 --> Call to a member function total() on array
#0 D:\banyakanfolder\upil\htdocs\shopcart\vendor\codeigniter4\framework\system\View\View.php(220): include()
#1 D:\banyakanfolder\upil\htdocs\shopcart\vendor\codeigniter4\framework\system\View\View.php(222): CodeIgniter\View\View->CodeIgniter\View\{closure}()
#2 D:\banyakanfolder\upil\htdocs\shopcart\vendor\codeigniter4\framework\system\Common.php(1217): CodeIgniter\View\View->render('v_cart', Array, true)
#3 D:\banyakanfolder\upil\htdocs\shopcart\app\Views\layout\v_content.php(3): view('v_cart')
#4 D:\banyakanfolder\upil\htdocs\shopcart\vendor\codeigniter4\framework\system\View\View.php(220): include('D:\\banyakanfold...')
#5 D:\banyakanfolder\upil\htdocs\shopcart\vendor\codeigniter4\framework\system\View\View.php(222): CodeIgniter\View\View->CodeIgniter\View\{closure}()
#6 D:\banyakanfolder\upil\htdocs\shopcart\vendor\codeigniter4\framework\system\Common.php(1217): CodeIgniter\View\View->render('layout/v_conten...', Array, true)
#7 D:\banyakanfolder\upil\htdocs\shopcart\app\Views\layout\v_wrapper.php(4): view('layout/v_conten...')
#8 D:\banyakanfolder\upil\htdocs\shopcart\vendor\codeigniter4\framework\system\View\View.php(220): include('D:\\banyakanfold...')
#9 D:\banyakanfolder\upil\htdocs\shopcart\vendor\codeigniter4\framework\system\View\View.php(222): CodeIgniter\View\View->CodeIgniter\View\{closure}()
#10 D:\banyakanfolder\upil\htdocs\shopcart\vendor\codeigniter4\framework\system\Common.php(1217): CodeIgniter\View\View->render('layout/v_wrappe...', Array, true)
#11 D:\banyakanfolder\upil\htdocs\shopcart\app\Controllers\Home.php(58): view('layout/v_wrappe...', Array)
#12 D:\banyakanfolder\upil\htdocs\shopcart\vendor\codeigniter4\framework\system\CodeIgniter.php(936): App\Controllers\Home->cart()
#13 D:\banyakanfolder\upil\htdocs\shopcart\vendor\codeigniter4\framework\system\CodeIgniter.php(432): CodeIgniter\CodeIgniter->runController(Object(App\Controllers\Home))
#14 D:\banyakanfolder\upil\htdocs\shopcart\vendor\codeigniter4\framework\system\CodeIgniter.php(333): CodeIgniter\CodeIgniter->handleRequest(NULL, Object(Config\Cache), false)
#15 D:\banyakanfolder\upil\htdocs\shopcart\public\index.php(44): CodeIgniter\CodeIgniter->run()
#16 {main}
CRITICAL - 2021-05-01 17:26:58 --> Call to a member function total() on array
#0 D:\banyakanfolder\upil\htdocs\shopcart\vendor\codeigniter4\framework\system\View\View.php(220): include()
#1 D:\banyakanfolder\upil\htdocs\shopcart\vendor\codeigniter4\framework\system\View\View.php(222): CodeIgniter\View\View->CodeIgniter\View\{closure}()
#2 D:\banyakanfolder\upil\htdocs\shopcart\vendor\codeigniter4\framework\system\Common.php(1217): CodeIgniter\View\View->render('v_cart', Array, true)
#3 D:\banyakanfolder\upil\htdocs\shopcart\app\Views\layout\v_content.php(3): view('v_cart')
#4 D:\banyakanfolder\upil\htdocs\shopcart\vendor\codeigniter4\framework\system\View\View.php(220): include('D:\\banyakanfold...')
#5 D:\banyakanfolder\upil\htdocs\shopcart\vendor\codeigniter4\framework\system\View\View.php(222): CodeIgniter\View\View->CodeIgniter\View\{closure}()
#6 D:\banyakanfolder\upil\htdocs\shopcart\vendor\codeigniter4\framework\system\Common.php(1217): CodeIgniter\View\View->render('layout/v_conten...', Array, true)
#7 D:\banyakanfolder\upil\htdocs\shopcart\app\Views\layout\v_wrapper.php(4): view('layout/v_conten...')
#8 D:\banyakanfolder\upil\htdocs\shopcart\vendor\codeigniter4\framework\system\View\View.php(220): include('D:\\banyakanfold...')
#9 D:\banyakanfolder\upil\htdocs\shopcart\vendor\codeigniter4\framework\system\View\View.php(222): CodeIgniter\View\View->CodeIgniter\View\{closure}()
#10 D:\banyakanfolder\upil\htdocs\shopcart\vendor\codeigniter4\framework\system\Common.php(1217): CodeIgniter\View\View->render('layout/v_wrappe...', Array, true)
#11 D:\banyakanfolder\upil\htdocs\shopcart\app\Controllers\Home.php(58): view('layout/v_wrappe...', Array)
#12 D:\banyakanfolder\upil\htdocs\shopcart\vendor\codeigniter4\framework\system\CodeIgniter.php(936): App\Controllers\Home->cart()
#13 D:\banyakanfolder\upil\htdocs\shopcart\vendor\codeigniter4\framework\system\CodeIgniter.php(432): CodeIgniter\CodeIgniter->runController(Object(App\Controllers\Home))
#14 D:\banyakanfolder\upil\htdocs\shopcart\vendor\codeigniter4\framework\system\CodeIgniter.php(333): CodeIgniter\CodeIgniter->handleRequest(NULL, Object(Config\Cache), false)
#15 D:\banyakanfolder\upil\htdocs\shopcart\public\index.php(44): CodeIgniter\CodeIgniter->run()
#16 {main}
CRITICAL - 2021-05-01 17:28:43 --> Call to a member function total() on array
#0 D:\banyakanfolder\upil\htdocs\shopcart\vendor\codeigniter4\framework\system\View\View.php(220): include()
#1 D:\banyakanfolder\upil\htdocs\shopcart\vendor\codeigniter4\framework\system\View\View.php(222): CodeIgniter\View\View->CodeIgniter\View\{closure}()
#2 D:\banyakanfolder\upil\htdocs\shopcart\vendor\codeigniter4\framework\system\Common.php(1217): CodeIgniter\View\View->render('v_cart', Array, true)
#3 D:\banyakanfolder\upil\htdocs\shopcart\app\Views\layout\v_content.php(3): view('v_cart')
#4 D:\banyakanfolder\upil\htdocs\shopcart\vendor\codeigniter4\framework\system\View\View.php(220): include('D:\\banyakanfold...')
#5 D:\banyakanfolder\upil\htdocs\shopcart\vendor\codeigniter4\framework\system\View\View.php(222): CodeIgniter\View\View->CodeIgniter\View\{closure}()
#6 D:\banyakanfolder\upil\htdocs\shopcart\vendor\codeigniter4\framework\system\Common.php(1217): CodeIgniter\View\View->render('layout/v_conten...', Array, true)
#7 D:\banyakanfolder\upil\htdocs\shopcart\app\Views\layout\v_wrapper.php(4): view('layout/v_conten...')
#8 D:\banyakanfolder\upil\htdocs\shopcart\vendor\codeigniter4\framework\system\View\View.php(220): include('D:\\banyakanfold...')
#9 D:\banyakanfolder\upil\htdocs\shopcart\vendor\codeigniter4\framework\system\View\View.php(222): CodeIgniter\View\View->CodeIgniter\View\{closure}()
#10 D:\banyakanfolder\upil\htdocs\shopcart\vendor\codeigniter4\framework\system\Common.php(1217): CodeIgniter\View\View->render('layout/v_wrappe...', Array, true)
#11 D:\banyakanfolder\upil\htdocs\shopcart\app\Controllers\Home.php(58): view('layout/v_wrappe...', Array)
#12 D:\banyakanfolder\upil\htdocs\shopcart\vendor\codeigniter4\framework\system\CodeIgniter.php(936): App\Controllers\Home->cart()
#13 D:\banyakanfolder\upil\htdocs\shopcart\vendor\codeigniter4\framework\system\CodeIgniter.php(432): CodeIgniter\CodeIgniter->runController(Object(App\Controllers\Home))
#14 D:\banyakanfolder\upil\htdocs\shopcart\vendor\codeigniter4\framework\system\CodeIgniter.php(333): CodeIgniter\CodeIgniter->handleRequest(NULL, Object(Config\Cache), false)
#15 D:\banyakanfolder\upil\htdocs\shopcart\public\index.php(44): CodeIgniter\CodeIgniter->run()
#16 {main}
CRITICAL - 2021-05-01 17:29:46 --> Call to a member function total() on array
#0 D:\banyakanfolder\upil\htdocs\shopcart\vendor\codeigniter4\framework\system\View\View.php(220): include()
#1 D:\banyakanfolder\upil\htdocs\shopcart\vendor\codeigniter4\framework\system\View\View.php(222): CodeIgniter\View\View->CodeIgniter\View\{closure}()
#2 D:\banyakanfolder\upil\htdocs\shopcart\vendor\codeigniter4\framework\system\Common.php(1217): CodeIgniter\View\View->render('v_cart', Array, true)
#3 D:\banyakanfolder\upil\htdocs\shopcart\app\Views\layout\v_content.php(3): view('v_cart')
#4 D:\banyakanfolder\upil\htdocs\shopcart\vendor\codeigniter4\framework\system\View\View.php(220): include('D:\\banyakanfold...')
#5 D:\banyakanfolder\upil\htdocs\shopcart\vendor\codeigniter4\framework\system\View\View.php(222): CodeIgniter\View\View->CodeIgniter\View\{closure}()
#6 D:\banyakanfolder\upil\htdocs\shopcart\vendor\codeigniter4\framework\system\Common.php(1217): CodeIgniter\View\View->render('layout/v_conten...', Array, true)
#7 D:\banyakanfolder\upil\htdocs\shopcart\app\Views\layout\v_wrapper.php(4): view('layout/v_conten...')
#8 D:\banyakanfolder\upil\htdocs\shopcart\vendor\codeigniter4\framework\system\View\View.php(220): include('D:\\banyakanfold...')
#9 D:\banyakanfolder\upil\htdocs\shopcart\vendor\codeigniter4\framework\system\View\View.php(222): CodeIgniter\View\View->CodeIgniter\View\{closure}()
#10 D:\banyakanfolder\upil\htdocs\shopcart\vendor\codeigniter4\framework\system\Common.php(1217): CodeIgniter\View\View->render('layout/v_wrappe...', Array, true)
#11 D:\banyakanfolder\upil\htdocs\shopcart\app\Controllers\Home.php(58): view('layout/v_wrappe...', Array)
#12 D:\banyakanfolder\upil\htdocs\shopcart\vendor\codeigniter4\framework\system\CodeIgniter.php(936): App\Controllers\Home->cart()
#13 D:\banyakanfolder\upil\htdocs\shopcart\vendor\codeigniter4\framework\system\CodeIgniter.php(432): CodeIgniter\CodeIgniter->runController(Object(App\Controllers\Home))
#14 D:\banyakanfolder\upil\htdocs\shopcart\vendor\codeigniter4\framework\system\CodeIgniter.php(333): CodeIgniter\CodeIgniter->handleRequest(NULL, Object(Config\Cache), false)
#15 D:\banyakanfolder\upil\htdocs\shopcart\public\index.php(44): CodeIgniter\CodeIgniter->run()
#16 {main}
